Thu Jul 10 09:05:05 UTC 2014
Thu Jul 10 09:22:34 UTC 2014
Tue Jul 15 12:41:50 UTC 2014
Tue Jul 15 16:02:51 UTC 2014
Mon Jul 21 07:50:17 UTC 2014
Tue Jul 22 06:34:54 UTC 2014
Wed Jul 23 06:32:55 UTC 2014
Thu Jul 24 06:32:33 UTC 2014
Fri Jul 25 06:37:11 UTC 2014
Sat Jul 26 06:35:07 UTC 2014
Sun Jul 27 06:33:44 UTC 2014
Mon Jul 28 06:35:11 UTC 2014
Tue Jul 29 06:35:26 UTC 2014
Wed Jul 30 06:32:19 UTC 2014
Thu Jul 31 06:30:33 UTC 2014
Fri Aug  1 06:32:00 UTC 2014
Sat Aug  2 06:36:41 UTC 2014
Sun Aug  3 06:35:53 UTC 2014
Mon Aug  4 06:34:09 UTC 2014
Tue Aug  5 06:37:14 UTC 2014
Wed Aug  6 06:33:20 UTC 2014
Thu Aug  7 06:39:04 UTC 2014
Fri Aug  8 06:34:27 UTC 2014
Sat Aug  9 06:34:29 UTC 2014
Sun Aug 10 06:37:24 UTC 2014
Mon Aug 11 06:32:16 UTC 2014
Tue Aug 12 06:36:56 UTC 2014
Wed Aug 13 06:32:17 UTC 2014
Thu Aug 14 06:36:56 UTC 2014
Fri Aug 15 06:33:50 UTC 2014
Sat Aug 16 06:32:28 UTC 2014
Sun Aug 17 06:33:50 UTC 2014
Mon Aug 18 06:34:47 UTC 2014
Tue Aug 19 06:32:11 UTC 2014
Wed Aug 20 06:36:17 UTC 2014
Thu Aug 21 06:38:22 UTC 2014
Fri Aug 22 06:38:01 UTC 2014
Sat Aug 23 06:34:20 UTC 2014
Sun Aug 24 06:36:50 UTC 2014
Mon Aug 25 06:36:52 UTC 2014
Tue Aug 26 06:36:21 UTC 2014
Wed Aug 27 06:36:52 UTC 2014
Thu Aug 28 06:33:34 UTC 2014
Fri Aug 29 06:39:19 UTC 2014
Sat Aug 30 06:32:21 UTC 2014
Sun Aug 31 06:35:08 UTC 2014
Mon Sep  1 06:33:34 UTC 2014
Tue Sep  2 06:34:49 UTC 2014
Wed Sep  3 06:37:08 UTC 2014
Thu Sep  4 06:40:19 UTC 2014
Thu Sep  4 10:55:04 UTC 2014
Fri Sep  5 06:39:35 UTC 2014
Fri Sep  5 12:33:45 UTC 2014
Fri Sep  5 13:14:39 UTC 2014
Sat Sep  6 06:29:19 UTC 2014
Sun Sep  7 06:31:41 UTC 2014
Mon Sep  8 06:31:36 UTC 2014
Tue Sep  9 06:30:43 UTC 2014
Wed Sep 10 06:30:46 UTC 2014
Thu Sep 11 06:32:18 UTC 2014
Fri Sep 12 06:29:50 UTC 2014
Sat Sep 13 06:29:01 UTC 2014
Sun Sep 14 06:32:48 UTC 2014
Mon Sep 15 06:30:36 UTC 2014
Tue Sep 16 06:35:59 UTC 2014
Wed Sep 17 06:29:54 UTC 2014
Thu Sep 18 06:31:32 UTC 2014
Fri Sep 19 06:29:13 UTC 2014
Sat Sep 20 06:30:33 UTC 2014
Sun Sep 21 06:29:58 UTC 2014
Mon Sep 22 06:31:33 UTC 2014
Tue Sep 23 06:30:56 UTC 2014
Wed Sep 24 06:30:13 UTC 2014
Thu Sep 25 06:31:19 UTC 2014
Fri Sep 26 06:31:48 UTC 2014
Sat Sep 27 07:15:05 UTC 2014
Sun Sep 28 06:30:50 UTC 2014
Mon Sep 29 06:29:37 UTC 2014
Tue Sep 30 06:33:36 UTC 2014
Wed Oct  1 06:33:01 UTC 2014
Thu Oct  2 06:31:52 UTC 2014
Fri Oct  3 06:31:46 UTC 2014
Sat Oct  4 06:31:05 UTC 2014
Sun Oct  5 06:30:41 UTC 2014
Mon Oct  6 06:30:07 UTC 2014
Tue Oct  7 06:35:25 UTC 2014
Wed Oct  8 06:31:53 UTC 2014
Thu Oct  9 06:30:55 UTC 2014
Fri Oct 10 06:29:01 UTC 2014
Sat Oct 11 06:29:34 UTC 2014
Sun Oct 12 06:30:11 UTC 2014
Mon Oct 13 06:30:54 UTC 2014
Tue Oct 14 06:29:29 UTC 2014
Wed Oct 15 06:30:57 UTC 2014
Thu Oct 16 06:32:43 UTC 2014
Fri Oct 17 06:29:25 UTC 2014
Sat Oct 18 06:33:54 UTC 2014
Sun Oct 19 07:35:52 UTC 2014
Mon Oct 20 06:30:16 UTC 2014
Tue Oct 21 06:29:23 UTC 2014
Wed Oct 22 06:29:28 UTC 2014
Thu Oct 23 06:30:53 UTC 2014
Fri Oct 24 06:32:21 UTC 2014
Sat Oct 25 06:33:46 UTC 2014
Sun Oct 26 06:33:52 UTC 2014
Mon Oct 27 06:30:57 UTC 2014
Tue Oct 28 06:31:31 UTC 2014
Wed Oct 29 06:38:27 UTC 2014
Thu Oct 30 06:34:07 UTC 2014
Fri Oct 31 06:31:15 UTC 2014
Sat Nov  1 06:31:10 UTC 2014
Sun Nov  2 06:35:56 UTC 2014
Mon Nov  3 06:33:54 UTC 2014
Tue Nov  4 06:30:25 UTC 2014
Wed Nov  5 06:31:49 UTC 2014
Thu Nov  6 06:33:17 UTC 2014
Fri Nov  7 06:30:09 UTC 2014
Sat Nov  8 06:32:02 UTC 2014
Sun Nov  9 06:45:20 UTC 2014
Mon Nov 10 06:35:10 UTC 2014
Tue Nov 11 06:30:47 UTC 2014
Wed Nov 12 06:36:38 UTC 2014
Thu Nov 13 06:32:22 UTC 2014
Fri Nov 14 06:31:49 UTC 2014
Sat Nov 15 06:35:10 UTC 2014
Sun Nov 16 06:29:52 UTC 2014
Mon Nov 17 06:29:24 UTC 2014
Tue Nov 18 06:35:30 UTC 2014
Thu Nov 20 06:30:22 UTC 2014
Fri Nov 21 06:30:47 UTC 2014
Sat Nov 22 06:31:10 UTC 2014
Sun Nov 23 06:31:22 UTC 2014
Mon Nov 24 06:32:17 UTC 2014
Tue Nov 25 06:31:54 UTC 2014
Wed Nov 26 06:35:14 UTC 2014
Thu Nov 27 06:32:07 UTC 2014
Fri Nov 28 06:31:21 UTC 2014
Sat Nov 29 06:30:50 UTC 2014
Sun Nov 30 06:33:18 UTC 2014
Mon Dec  1 06:33:47 UTC 2014
Tue Dec  2 06:32:07 UTC 2014
Wed Dec  3 06:32:41 UTC 2014
Thu Dec  4 06:31:53 UTC 2014
Fri Dec  5 08:15:11 UTC 2014
Sat Dec  6 06:30:52 UTC 2014
Sun Dec  7 06:32:12 UTC 2014
Mon Dec  8 06:32:34 UTC 2014
Tue Dec  9 06:34:05 UTC 2014
Wed Dec 10 06:33:04 UTC 2014
Thu Dec 11 06:35:44 UTC 2014
Fri Dec 12 06:32:00 UTC 2014
Sat Dec 13 06:35:01 UTC 2014
Sun Dec 14 06:29:47 UTC 2014
Mon Dec 15 06:34:36 UTC 2014
Tue Dec 16 06:31:49 UTC 2014
Wed Dec 17 06:31:36 UTC 2014
Thu Dec 18 06:34:06 UTC 2014
Thu Dec 18 15:09:38 UTC 2014
Fri Dec 19 06:31:03 UTC 2014
Sat Dec 20 06:33:59 UTC 2014
Sun Dec 21 06:34:32 UTC 2014
Mon Dec 22 06:35:06 UTC 2014
Tue Dec 23 06:30:58 UTC 2014
Wed Dec 24 06:29:56 UTC 2014
Thu Dec 25 06:33:32 UTC 2014
Fri Dec 26 06:31:03 UTC 2014
Sat Dec 27 06:32:10 UTC 2014
Sun Dec 28 06:33:38 UTC 2014
Mon Dec 29 06:29:34 UTC 2014
Tue Dec 30 06:38:23 UTC 2014
Wed Dec 31 06:30:57 UTC 2014
Thu Jan  1 06:26:43 UTC 2015
Fri Jan  2 06:26:49 UTC 2015
Sat Jan  3 06:26:48 UTC 2015
Sun Jan  4 06:28:16 UTC 2015
Mon Jan  5 06:26:49 UTC 2015
Tue Jan  6 06:26:52 UTC 2015
Wed Jan  7 06:26:47 UTC 2015
Thu Jan  8 06:27:02 UTC 2015
Fri Jan  9 06:26:51 UTC 2015
Sat Jan 10 06:26:09 UTC 2015
Sun Jan 11 06:26:22 UTC 2015
Mon Jan 12 06:26:06 UTC 2015
Tue Jan 13 06:26:53 UTC 2015
Tue Jan 13 12:04:13 UTC 2015
Tue Jan 13 12:25:17 UTC 2015
Wed Jan 14 06:27:03 UTC 2015
Thu Jan 15 06:26:59 UTC 2015
Fri Jan 16 06:28:27 UTC 2015
Sat Jan 17 06:27:57 UTC 2015
Sun Jan 18 06:26:58 UTC 2015
Mon Jan 19 06:27:12 UTC 2015
Tue Jan 20 06:27:02 UTC 2015
Tue Jan 20 14:24:07 UTC 2015
Wed Jan 21 06:26:59 UTC 2015
Thu Jan 22 06:27:02 UTC 2015
Fri Jan 23 06:27:04 UTC 2015
Sat Jan 24 06:27:06 UTC 2015
Sun Jan 25 06:27:26 UTC 2015
Mon Jan 26 06:27:04 UTC 2015
Tue Jan 27 06:27:06 UTC 2015
Wed Jan 28 06:27:08 UTC 2015
Thu Jan 29 06:27:16 UTC 2015
Fri Jan 30 06:27:02 UTC 2015
Sat Jan 31 06:27:55 UTC 2015
Sun Feb  1 06:27:02 UTC 2015
Mon Feb  2 06:27:06 UTC 2015
Tue Feb  3 06:27:07 UTC 2015
Wed Feb  4 06:27:12 UTC 2015
Thu Feb  5 06:27:18 UTC 2015
Fri Feb  6 06:27:17 UTC 2015
Sat Feb  7 06:27:22 UTC 2015
Sun Feb  8 06:27:10 UTC 2015
Mon Feb  9 06:27:13 UTC 2015
Tue Feb 10 06:27:31 UTC 2015
Wed Feb 11 06:27:23 UTC 2015
Thu Feb 12 06:27:28 UTC 2015
Fri Feb 13 06:27:21 UTC 2015
Sat Feb 14 06:27:28 UTC 2015
Sun Feb 15 06:27:25 UTC 2015
Mon Feb 16 06:27:27 UTC 2015
Tue Feb 17 06:27:16 UTC 2015
Wed Feb 18 06:27:34 UTC 2015
Thu Feb 19 06:27:33 UTC 2015
Fri Feb 20 06:27:23 UTC 2015
Sat Feb 21 06:27:28 UTC 2015
Sun Feb 22 06:27:17 UTC 2015
Mon Feb 23 06:27:16 UTC 2015
Tue Feb 24 06:27:27 UTC 2015
Wed Feb 25 06:27:27 UTC 2015
Thu Feb 26 08:36:16 UTC 2015
Fri Feb 27 06:27:30 UTC 2015
Sat Feb 28 06:27:28 UTC 2015
Sun Mar  1 06:27:39 UTC 2015
Mon Mar  2 06:27:27 UTC 2015
Tue Mar  3 06:27:27 UTC 2015
Wed Mar  4 06:29:07 UTC 2015
Thu Mar  5 06:27:19 UTC 2015
Fri Mar  6 06:30:28 UTC 2015
Sat Mar  7 06:27:23 UTC 2015
Sun Mar  8 06:29:04 UTC 2015
Mon Mar  9 06:27:32 UTC 2015
Tue Mar 10 06:27:35 UTC 2015
Wed Mar 11 06:27:36 UTC 2015
Thu Mar 12 06:27:34 UTC 2015
Fri Mar 13 06:27:33 UTC 2015
Sat Mar 14 06:28:03 UTC 2015
Sun Mar 15 06:27:49 UTC 2015
Mon Mar 16 06:30:51 UTC 2015
Tue Mar 17 06:27:52 UTC 2015
Wed Mar 18 06:27:56 UTC 2015
Thu Mar 19 06:27:40 UTC 2015
Fri Mar 20 06:27:47 UTC 2015
Sat Mar 21 06:27:39 UTC 2015
Sun Mar 22 06:27:59 UTC 2015
Mon Mar 23 06:27:40 UTC 2015
Tue Mar 24 06:27:29 UTC 2015
Wed Mar 25 06:29:30 UTC 2015
Thu Mar 26 06:27:46 UTC 2015
Fri Mar 27 06:29:17 UTC 2015
Sat Mar 28 06:29:02 UTC 2015
Sun Mar 29 06:27:50 UTC 2015
Mon Mar 30 06:27:54 UTC 2015
Tue Mar 31 06:27:32 UTC 2015
Wed Apr  1 06:27:48 UTC 2015
Thu Apr  2 06:28:03 UTC 2015
Fri Apr  3 06:29:08 UTC 2015
Sat Apr  4 06:27:57 UTC 2015
Sun Apr  5 06:27:39 UTC 2015
Mon Apr  6 06:28:03 UTC 2015
Tue Apr  7 06:28:06 UTC 2015
Wed Apr  8 06:27:56 UTC 2015
Thu Apr  9 06:27:53 UTC 2015
Fri Apr 10 06:29:21 UTC 2015
Sat Apr 11 06:27:51 UTC 2015
Sun Apr 12 06:29:40 UTC 2015
Mon Apr 13 06:27:51 UTC 2015
Tue Apr 14 06:27:15 UTC 2015
Wed Apr 15 06:28:24 UTC 2015
Thu Apr 16 06:28:54 UTC 2015
Fri Apr 17 07:22:02 UTC 2015
Sat Apr 18 06:29:39 UTC 2015
Sun Apr 19 06:30:06 UTC 2015
Mon Apr 20 06:29:25 UTC 2015
Tue Apr 21 06:28:36 UTC 2015
Wed Apr 22 06:30:39 UTC 2015
Thu Apr 23 06:28:05 UTC 2015
Fri Apr 24 06:27:44 UTC 2015
Sat Apr 25 06:28:04 UTC 2015
Sun Apr 26 06:28:07 UTC 2015
Mon Apr 27 06:29:34 UTC 2015
Tue Apr 28 06:30:57 UTC 2015
Wed Apr 29 06:27:55 UTC 2015
Thu Apr 30 06:28:28 UTC 2015
Fri May  1 06:28:11 UTC 2015
Sat May  2 06:27:54 UTC 2015
Sun May  3 06:28:11 UTC 2015
Mon May  4 06:31:21 UTC 2015
Tue May  5 06:29:15 UTC 2015
Wed May  6 06:29:52 UTC 2015
Thu May  7 06:29:55 UTC 2015
Fri May  8 06:29:20 UTC 2015
Sat May  9 06:27:50 UTC 2015
Sun May 10 06:29:45 UTC 2015
Mon May 11 06:27:50 UTC 2015
Tue May 12 06:28:19 UTC 2015
Wed May 13 06:27:57 UTC 2015
Thu May 14 06:30:38 UTC 2015
Fri May 15 06:32:04 UTC 2015
Sat May 16 06:30:25 UTC 2015
Sun May 17 06:32:34 UTC 2015
Mon May 18 06:30:23 UTC 2015
Tue May 19 06:27:56 UTC 2015
Wed May 20 06:28:22 UTC 2015
Thu May 21 06:27:51 UTC 2015
Fri May 22 06:28:06 UTC 2015
Sat May 23 06:30:49 UTC 2015
Sun May 24 06:29:48 UTC 2015
Mon May 25 06:31:26 UTC 2015
Tue May 26 06:29:44 UTC 2015
Wed May 27 06:29:14 UTC 2015
Thu May 28 06:28:13 UTC 2015
Fri May 29 06:27:47 UTC 2015
Sat May 30 06:28:10 UTC 2015
Sun May 31 06:32:35 UTC 2015
Mon Jun  1 06:27:48 UTC 2015
Tue Jun  2 06:27:52 UTC 2015
Wed Jun  3 06:30:50 UTC 2015
Thu Jun  4 06:27:47 UTC 2015
Fri Jun  5 06:27:55 UTC 2015
Sat Jun  6 06:28:22 UTC 2015
Sun Jun  7 06:27:59 UTC 2015
Mon Jun  8 06:29:31 UTC 2015
Tue Jun  9 06:29:34 UTC 2015
Wed Jun 10 06:28:51 UTC 2015
Thu Jun 11 06:28:46 UTC 2015
Fri Jun 12 06:29:43 UTC 2015
Sat Jun 13 06:28:12 UTC 2015
Sun Jun 14 07:33:35 UTC 2015
Mon Jun 15 07:33:34 UTC 2015
